dh_prep
dh_installdirs
dh_installdirs
dh_installdocs
dh_installexamples
dh_installman
dh_installinfo
dh_installmenu
dh_installcron
dh_systemd_enable
dh_installinit
dh_installdebconf
dh_installemacsen
dh_installcatalogs
dh_installpam
dh_installlogrotate
dh_installlogcheck
dh_installchangelogs
dh_installudev
dh_lintian
dh_bugfiles
dh_install
dh_systemd_start
dh_link
dh_installmime
dh_installgsettings
dh_strip
dh_strip_nondeterminism
dh_compress
dh_fixperms
dh_makeshlibs
dh_installdeb
dh_perl
dh_shlibdeps
dh_gencontrol
dh_md5sums
dh_builddeb
